2025-11-13 13:25:03,135 - __main__ - INFO - ============================================================
2025-11-13 13:25:03,135 - __main__ - INFO - SOaC Framework - Security Operations as Code
2025-11-13 13:25:03,135 - __main__ - INFO - Version: 1.0.0
2025-11-13 13:25:03,136 - __main__ - INFO - Organization: SOaC Framework Team
2025-11-13 13:25:03,136 - __main__ - INFO - ============================================================
2025-11-13 13:25:03,136 - __main__ - INFO - Configuration loaded from config/config_template.json
2025-11-13 13:25:03,136 - __main__ - INFO - Initializing framework components...
2025-11-13 13:25:03,136 - correlation_engine - INFO - Correlation Engine initialized
2025-11-13 13:25:03,137 - config_processor - INFO - ConfigProcessor initialized with data_dir: data
2025-11-13 13:25:03,137 - use_case_manager - INFO - Use Case Manager initialized
2025-11-13 13:25:03,137 - soar_playbooks - INFO - SOAR Playbook Manager initialized
2025-11-13 13:25:03,137 - threat_intelligence - INFO - Threat Intelligence module initialized
2025-11-13 13:25:03,137 - __main__ - INFO - Framework initialization complete!
2025-11-13 13:25:03,137 - __main__ - INFO - Processing security configurations...
2025-11-13 13:25:03,231 - config_processor - INFO - Loaded 16 EntraID rules from data/EntraID_Authentication_Rules.xlsx
2025-11-13 13:25:03,232 - __main__ - INFO - Loaded 16 EntraID rules
2025-11-13 13:25:03,235 - config_processor - INFO - Loaded 12 PaloAlto rules from data/PaloAlto_NGFW_Rules.xlsx
2025-11-13 13:25:03,235 - __main__ - INFO - Loaded 12 PaloAlto rules
2025-11-13 13:25:03,236 - config_processor - INFO - Exported 16 entraid rules to config/entraid_rules.json
2025-11-13 13:25:03,236 - config_processor - INFO - Exported 12 paloalto rules to config/paloalto_rules.json
2025-11-13 13:25:03,243 - config_processor - INFO - Exported 16 entraid rules to config/entraid_rules.yaml
2025-11-13 13:25:03,248 - config_processor - INFO - Exported 12 paloalto rules to config/paloalto_rules.yaml
2025-11-13 13:25:03,248 - __main__ - INFO - Detection Summary: 28 total rules
2025-11-13 13:25:03,248 - __main__ - INFO - Generating framework reports...
2025-11-13 13:25:03,248 - __main__ - INFO - Use Case Coverage: 10 active, 18 MITRE techniques covered
2025-11-13 13:25:03,251 - __main__ - INFO - Threat Landscape: 9 threat actors tracked
2025-11-13 13:25:03,251 - use_case_manager - INFO - Exported 10 use cases to config/use_cases.json
2025-11-13 13:25:03,251 - threat_intelligence - INFO - Exported 9 threat actors to config/threat_actors.json
2025-11-13 13:25:03,252 - __main__ - INFO - Reports generated successfully
2025-11-13 13:25:03,252 - __main__ - INFO - ============================================================
2025-11-13 13:25:03,252 - __main__ - INFO - Running SOaC Framework Demo
2025-11-13 13:25:03,252 - __main__ - INFO - ============================================================
2025-11-13 13:25:03,252 - __main__ - INFO - ============================================================
2025-11-13 13:25:03,252 - __main__ - INFO - Demo Complete
2025-11-13 13:25:03,252 - __main__ - INFO - ============================================================
2025-11-13 13:25:03,252 - __main__ - INFO - SOaC Framework is running. Press Ctrl+C to stop.
